Determining if the pthread_create exist failed with the following output:
Change Dir: /home/epengc/Documents/pcl-pcl-1.9.0/doc/tutorials/content/sources/qt_colorize_cloud/build/CMakeFiles/CMakeTmp

Run Build Command:"/usr/bin/make" "cmTC_7ec47/fast"
/usr/bin/make -f CMakeFiles/cmTC_7ec47.dir/build.make CMakeFiles/cmTC_7ec47.dir/build
make[1]: Entering directory '/home/epengc/Documents/pcl-pcl-1.9.0/doc/tutorials/content/sources/qt_colorize_cloud/build/CMakeFiles/CMakeTmp'
Building C object CMakeFiles/cmTC_7ec47.dir/CheckSymbolExists.c.o
/usr/bin/cc    -o CMakeFiles/cmTC_7ec47.dir/CheckSymbolExists.c.o   -c /home/epengc/Documents/pcl-pcl-1.9.0/doc/tutorials/content/sources/qt_colorize_cloud/build/CMakeFiles/CMakeTmp/CheckSymbolExists.c
Linking C executable cmTC_7ec47
/usr/bin/cmake -E cmake_link_script CMakeFiles/cmTC_7ec47.dir/link.txt --verbose=1
/usr/bin/cc      -rdynamic CMakeFiles/cmTC_7ec47.dir/CheckSymbolExists.c.o  -o cmTC_7ec47 
CMakeFiles/cmTC_7ec47.dir/CheckSymbolExists.c.o: In function `main':
CheckSymbolExists.c:(.text+0x1b): undefined reference to `pthread_create'
collect2: error: ld returned 1 exit status
CMakeFiles/cmTC_7ec47.dir/build.make:97: recipe for target 'cmTC_7ec47' failed
make[1]: *** [cmTC_7ec47] Error 1
make[1]: Leaving directory '/home/epengc/Documents/pcl-pcl-1.9.0/doc/tutorials/content/sources/qt_colorize_cloud/build/CMakeFiles/CMakeTmp'
Makefile:126: recipe for target 'cmTC_7ec47/fast' failed
make: *** [cmTC_7ec47/fast] Error 2

File /home/epengc/Documents/pcl-pcl-1.9.0/doc/tutorials/content/sources/qt_colorize_cloud/build/CMakeFiles/CMakeTmp/CheckSymbolExists.c:
/* */
#include <pthread.h>

int main(int argc, char** argv)
{
  (void)argv;
#ifndef pthread_create
  return ((int*)(&pthread_create))[argc];
#else
  (void)argc;
  return 0;
#endif
}

Determining if the function pthread_create exists in the pthreads failed with the following output:
Change Dir: /home/epengc/Documents/pcl-pcl-1.9.0/doc/tutorials/content/sources/qt_colorize_cloud/build/CMakeFiles/CMakeTmp

Run Build Command:"/usr/bin/make" "cmTC_93154/fast"
/usr/bin/make -f CMakeFiles/cmTC_93154.dir/build.make CMakeFiles/cmTC_93154.dir/build
make[1]: Entering directory '/home/epengc/Documents/pcl-pcl-1.9.0/doc/tutorials/content/sources/qt_colorize_cloud/build/CMakeFiles/CMakeTmp'
Building C object CMakeFiles/cmTC_93154.dir/CheckFunctionExists.c.o
/usr/bin/cc   -DCHECK_FUNCTION_EXISTS=pthread_create   -o CMakeFiles/cmTC_93154.dir/CheckFunctionExists.c.o   -c /usr/share/cmake-3.10/Modules/CheckFunctionExists.c
Linking C executable cmTC_93154
/usr/bin/cmake -E cmake_link_script CMakeFiles/cmTC_93154.dir/link.txt --verbose=1
/usr/bin/cc  -DCHECK_FUNCTION_EXISTS=pthread_create    -rdynamic CMakeFiles/cmTC_93154.dir/CheckFunctionExists.c.o  -o cmTC_93154 -lpthreads 
/usr/bin/ld: cannot find -lpthreads
collect2: error: ld returned 1 exit status
CMakeFiles/cmTC_93154.dir/build.make:97: recipe for target 'cmTC_93154' failed
make[1]: *** [cmTC_93154] Error 1
make[1]: Leaving directory '/home/epengc/Documents/pcl-pcl-1.9.0/doc/tutorials/content/sources/qt_colorize_cloud/build/CMakeFiles/CMakeTmp'
Makefile:126: recipe for target 'cmTC_93154/fast' failed
make: *** [cmTC_93154/fast] Error 2


